<?xml version="1.0" encoding="UTF-8"?>
<!-- Generated by org.testng.reporters.JUnitReportReporter -->
<testsuite hostname="DESKTOP-RCT58NL" failures="1" tests="12" name="com.capstoneproject_demowebshop.runner.RunnerTestCase" time="274.988" errors="1" timestamp="2025-03-21T16:39:46 IST" skipped="0">
  <testcase classname="com.capstoneproject_demowebshop.runner.RunnerTestCase" name="runScenario" time="29.552">
    <failure message="expected [true] but found [false]" type="java.lang.AssertionError">
      <![CDATA[java.lang.AssertionError: expected [true] but found [false]
at org.testng.Assert.fail(Assert.java:111)
at org.testng.Assert.failNotEquals(Assert.java:1578)
at org.testng.Assert.assertTrue(Assert.java:57)
at org.testng.Assert.assertTrue(Assert.java:67)
at com.capstoneproject_demowebshop.stepdefinition.Stepdefinition.registered_successfuly(Stepdefinition.java:84)
at ✽.Registered successfuly(file:///C:/Users/User/eclipse-workspace/com.capstoneproject_demowebshop/src/test/resources/com.capstoneproject_demowebshop.features/createaccount.feature:14)
]]>
    </failure>
  </testcase> <!-- runScenario -->
  <testcase classname="com.capstoneproject_demowebshop.runner.RunnerTestCase" name="runScenario" time="25.164"/>
  <testcase classname="com.capstoneproject_demowebshop.runner.RunnerTestCase" name="runScenario" time="14.795"/>
  <testcase classname="com.capstoneproject_demowebshop.runner.RunnerTestCase" name="runScenario" time="20.038"/>
  <testcase classname="com.capstoneproject_demowebshop.runner.RunnerTestCase" name="runScenario" time="17.716"/>
  <testcase classname="com.capstoneproject_demowebshop.runner.RunnerTestCase" name="runScenario" time="14.011"/>
  <testcase classname="com.capstoneproject_demowebshop.runner.RunnerTestCase" name="runScenario" time="16.013"/>
  <testcase classname="com.capstoneproject_demowebshop.runner.RunnerTestCase" name="runScenario" time="14.526"/>
  <testcase classname="com.capstoneproject_demowebshop.runner.RunnerTestCase" name="runScenario" time="35.165"/>
  <testcase classname="com.capstoneproject_demowebshop.runner.RunnerTestCase" name="runScenario" time="18.784"/>
  <testcase classname="com.capstoneproject_demowebshop.runner.RunnerTestCase" name="runScenario" time="34.132"/>
  <testcase classname="com.capstoneproject_demowebshop.runner.RunnerTestCase" name="runScenario" time="35.092">
    <error message="element click intercepted: Element &lt;input type=&quot;button&quot; class=&quot;button-1 payment-method-next-step-button&quot; onclick=&quot;PaymentMethod.save()&quot; value=&quot;Continue&quot;&gt; is not clickable at point (281, 594). Other element would receive the click: &lt;a href=&quot;#&quot; onclick=&quot;Checkout.back(); return false;&quot;&gt;...&lt;/a&gt;
  (Session info: MicrosoftEdge=134.0.3124.72)
Build info: version: &#039;4.29.0&#039;, revision: &#039;18ae989&#039;
System info: os.name: &#039;Windows 10&#039;, os.arch: &#039;amd64&#039;, os.version: &#039;10.0&#039;, java.version: &#039;23.0.2&#039;
Driver info: org.openqa.selenium.edge.EdgeDriver
Command: [fc34f022bf728e00d729a1b51a62c723, clickElement {id=f.C7D0420D3EE654259BA0372CCD15368E.d.C865DC0FD0996AABAEB57064B9924AEE.e.229}]
Capabilities {acceptInsecureCerts: false, browserName: MicrosoftEdge, browserVersion: 134.0.3124.72, fedcm:accounts: true, ms:edgeOptions: {debuggerAddress: localhost:53133}, msedge: {msedgedriverVersion: 134.0.3124.72 (c81e2c3854de..., userDataDir: C:\Users\User\AppData\Local...}, networkConnectionEnabled: false, pageLoadStrategy: normal, platformName: windows, proxy: Proxy(), se:cdp: ws://localhost:53133/devtoo..., se:cdpVersion: 134.0.3124.72, setWindowRect: true, strictFileInteractability: false, timeouts: {implicit: 0, pageLoad: 300000, script: 30000}, unhandledPromptBehavior: dismiss and notify, webauthn:extension:credBlob: true, webauthn:extension:largeBlob: true, webauthn:extension:minPinLength: true, webauthn:extension:prf: true, webauthn:virtualAuthenticators: true}
Element: [[EdgeDriver: MicrosoftEdge on windows (fc34f022bf728e00d729a1b51a62c723)] -&gt; xpath: //input[@class=&#039;button-1 payment-method-next-step-button&#039;]]
Session ID: fc34f022bf728e00d729a1b51a62c723" type="org.openqa.selenium.ElementClickInterceptedException">
      <![CDATA[org.openqa.selenium.ElementClickInterceptedException: element click intercepted: Element <input type="button" class="button-1 payment-method-next-step-button" onclick="PaymentMethod.save()" value="Continue"> is not clickable at point (281, 594). Other element would receive the click: <a href="#" onclick="Checkout.back(); return false;">...</a>
  (Session info: MicrosoftEdge=134.0.3124.72)
Build info: version: '4.29.0', revision: '18ae989'
System info: os.name: 'Windows 10', os.arch: 'amd64', os.version: '10.0', java.version: '23.0.2'
Driver info: org.openqa.selenium.edge.EdgeDriver
Command: [fc34f022bf728e00d729a1b51a62c723, clickElement {id=f.C7D0420D3EE654259BA0372CCD15368E.d.C865DC0FD0996AABAEB57064B9924AEE.e.229}]
Capabilities {acceptInsecureCerts: false, browserName: MicrosoftEdge, browserVersion: 134.0.3124.72, fedcm:accounts: true, ms:edgeOptions: {debuggerAddress: localhost:53133}, msedge: {msedgedriverVersion: 134.0.3124.72 (c81e2c3854de..., userDataDir: C:\Users\User\AppData\Local...}, networkConnectionEnabled: false, pageLoadStrategy: normal, platformName: windows, proxy: Proxy(), se:cdp: ws://localhost:53133/devtoo..., se:cdpVersion: 134.0.3124.72, setWindowRect: true, strictFileInteractability: false, timeouts: {implicit: 0, pageLoad: 300000, script: 30000}, unhandledPromptBehavior: dismiss and notify, webauthn:extension:credBlob: true, webauthn:extension:largeBlob: true, webauthn:extension:minPinLength: true, webauthn:extension:prf: true, webauthn:virtualAuthenticators: true}
Element: [[EdgeDriver: MicrosoftEdge on windows (fc34f022bf728e00d729a1b51a62c723)] -> xpath: //input[@class='button-1 payment-method-next-step-button']]
Session ID: fc34f022bf728e00d729a1b51a62c723
at java.base/jdk.internal.reflect.DirectConstructorHandleAccessor.newInstance(DirectConstructorHandleAccessor.java:62)
at java.base/java.lang.reflect.Constructor.newInstanceWithCaller(Constructor.java:501)
at java.base/java.lang.reflect.Constructor.newInstance(Constructor.java:485)
at org.openqa.selenium.remote.ErrorCodec.decode(ErrorCodec.java:167)
at org.openqa.selenium.remote.codec.w3c.W3CHttpResponseCodec.decode(W3CHttpResponseCodec.java:138)
at org.openqa.selenium.remote.codec.w3c.W3CHttpResponseCodec.decode(W3CHttpResponseCodec.java:50)
at org.openqa.selenium.remote.HttpCommandExecutor.execute(HttpCommandExecutor.java:215)
at org.openqa.selenium.remote.service.DriverCommandExecutor.invokeExecute(DriverCommandExecutor.java:216)
at org.openqa.selenium.remote.service.DriverCommandExecutor.execute(DriverCommandExecutor.java:174)
at org.openqa.selenium.remote.RemoteWebDriver.execute(RemoteWebDriver.java:545)
at org.openqa.selenium.remote.RemoteWebElement.execute(RemoteWebElement.java:223)
at org.openqa.selenium.remote.RemoteWebElement.click(RemoteWebElement.java:76)
at com.capstoneproject_demowebshop.pageclass.Checkoutpage.payContinue(Checkoutpage.java:93)
at com.capstoneproject_demowebshop.stepdefinition.Stepdefinition.i_continue_with_payment_methods(Stepdefinition.java:377)
at ✽.I continue with payment methods(file:///C:/Users/User/eclipse-workspace/com.capstoneproject_demowebshop/src/test/resources/com.capstoneproject_demowebshop.features/Checkout.feature:13)
]]>
    </error>
  </testcase> <!-- runScenario -->
</testsuite> <!-- com.capstoneproject_demowebshop.runner.RunnerTestCase -->
