<?xml version="1.0" encoding="UTF-8"?>
<!-- Generated by org.testng.reporters.JUnitReportReporter -->
<testsuite hostname="DESKTOP-RCT58NL" failures="1" tests="3" name="com.capstoneproject_demowebshop.runner.CreateaccountRunnerTest" time="74.074" errors="0" timestamp="2025-03-18T15:26:28 IST" skipped="0">
  <testcase classname="com.capstoneproject_demowebshop.runner.CreateaccountRunnerTest" name="runScenario" time="30.127">
    <failure message="expected [true] but found [false]" type="java.lang.AssertionError">
      <![CDATA[java.lang.AssertionError: expected [true] but found [false]
at org.testng.Assert.fail(Assert.java:111)
at org.testng.Assert.failNotEquals(Assert.java:1578)
at org.testng.Assert.assertTrue(Assert.java:57)
at org.testng.Assert.assertTrue(Assert.java:67)
at com.capstoneproject_demowebshop.stepdefinition.Stepdefinition.registered_successfuly(Stepdefinition.java:82)
at âœ½.Registered successfuly(file:///C:/Users/User/eclipse-workspace/com.capstoneproject_demowebshop/src/test/resources/com.capstoneproject_demowebshop.features/createaccount.feature:14)
]]>
    </failure>
  </testcase> <!-- runScenario -->
  <testcase classname="com.capstoneproject_demowebshop.runner.CreateaccountRunnerTest" name="runScenario" time="18.992"/>
  <testcase classname="com.capstoneproject_demowebshop.runner.CreateaccountRunnerTest" name="runScenario" time="24.955"/>
</testsuite> <!-- com.capstoneproject_demowebshop.runner.CreateaccountRunnerTest -->
