<!DOCTYPE html PUBLIC "-//W3C//DTD XHTML 1.1//EN" "https://www.w3.org/TR/xhtml11/DTD/xhtml11.dtd">
<html xmlns="https://www.w3.org/1999/xhtml">
<head>
<meta http-equiv="content-type" content="text/html; charset=UTF-8"/>
<title>TestNG Report</title>
<style type="text/css">table {margin-bottom:10px;border-collapse:collapse;empty-cells:show}th,td {border:1px solid #009;padding:.25em .5em}th {vertical-align:bottom}td {vertical-align:top}table a {font-weight:bold}.stripe td {background-color: #E6EBF9}.num {text-align:right}.passedodd td {background-color: #3F3}.passedeven td {background-color: #0A0}.skippedodd td {background-color: #DDD}.skippedeven td {background-color: #CCC}.failedodd td,.attn {background-color: #F33}.failedeven td,.stripe .attn {background-color: #D00}.stacktrace {white-space:pre;font-family:monospace}.totop {font-size:85%;text-align:center;border-bottom:2px solid #000}.invisible {display:none}</style>
</head>
<body>
<table>
<tr><th>Test</th><th># Passed</th><th># Skipped</th><th># Retried</th><th># Failed</th><th>Time (ms)</th><th>Included Groups</th><th>Excluded Groups</th></tr>
<tr><th colspan="8">Suite</th></tr>
<tr><td><a href="#t0">Test</a></td><td class="num">10</td><td class="num">0</td><td class="num">0</td><td class="num attn">2</td><td class="num">277,218</td><td></td><td></td></tr>
</table>
<table id='summary'><thead><tr><th>Class</th><th>Method</th><th>Start</th><th>Time (ms)</th></tr></thead><tbody><tr><th colspan="4">Suite</th></tr></tbody><tbody id="t0"><tr><th colspan="4">Test &#8212; failed</th></tr><tr class="failedeven"><td rowspan="2">com.capstoneproject_demowebshop.runner.RunnerTestCase</td><td><a href="#m0">runScenario</a></td><td rowspan="2">1742555224106</td><td rowspan="2">29552</td></tr><tr class="failedeven"><td><a href="#m1">runScenario</a></td></tr><tr><th colspan="4">Test &#8212; passed</th></tr><tr class="passedeven"><td rowspan="10">com.capstoneproject_demowebshop.runner.RunnerTestCase</td><td><a href="#m2">runScenario</a></td><td rowspan="10">1742555198940</td><td rowspan="10">25164</td></tr><tr class="passedeven"><td><a href="#m3">runScenario</a></td></tr><tr class="passedeven"><td><a href="#m4">runScenario</a></td></tr><tr class="passedeven"><td><a href="#m5">runScenario</a></td></tr><tr class="passedeven"><td><a href="#m6">runScenario</a></td></tr><tr class="passedeven"><td><a href="#m7">runScenario</a></td></tr><tr class="passedeven"><td><a href="#m8">runScenario</a></td></tr><tr class="passedeven"><td><a href="#m9">runScenario</a></td></tr><tr class="passedeven"><td><a href="#m10">runScenario</a></td></tr><tr class="passedeven"><td><a href="#m11">runScenario</a></td></tr></tbody>
</table>
<h2>Test</h2><h3 id="m0">com.capstoneproject_demowebshop.runner.RunnerTestCase#runScenario</h3><table class="result"><tr class="param"><th>Parameter #1</th><th>Parameter #2</th></tr><tr class="param stripe"><td>&quot;Register on the website with new mail id&quot;</td><td>&quot;Register using mail id&quot;</td></tr><tr><th colspan="2">Exception</th></tr><tr><td colspan="2"><div class="stacktrace">java.lang.AssertionError: expected [true] but found [false]
	at com.capstoneproject_demowebshop.stepdefinition.Stepdefinition.registered_successfuly(Stepdefinition.java:84)
	at ✽.Registered successfuly(file:///C:/Users/User/eclipse-workspace/com.capstoneproject_demowebshop/src/test/resources/com.capstoneproject_demowebshop.features/createaccount.feature:14)
... Removed 4 stack frames</div></td></tr></table><p class="totop"><a href="#summary">back to summary</a></p>
<h3 id="m1">com.capstoneproject_demowebshop.runner.RunnerTestCase#runScenario</h3><table class="result"><tr class="param"><th>Parameter #1</th><th>Parameter #2</th></tr><tr class="param stripe"><td>&quot;adding items and purchasing&quot;</td><td>&quot;adding the product and completing the purchase&quot;</td></tr><tr><th colspan="2">Exception</th></tr><tr><td colspan="2"><div class="stacktrace">org.openqa.selenium.ElementClickInterceptedException: element click intercepted: Element &lt;input type=&quot;button&quot; class=&quot;button-1 payment-method-next-step-button&quot; onclick=&quot;PaymentMethod.save()&quot; value=&quot;Continue&quot;&gt; is not clickable at point (281, 594). Other element would receive the click: &lt;a href=&quot;#&quot; onclick=&quot;Checkout.back(); return false;&quot;&gt;...&lt;/a&gt;
  (Session info: MicrosoftEdge=134.0.3124.72)
Build info: version: &apos;4.29.0&apos;, revision: &apos;18ae989&apos;
System info: os.name: &apos;Windows 10&apos;, os.arch: &apos;amd64&apos;, os.version: &apos;10.0&apos;, java.version: &apos;23.0.2&apos;
Driver info: org.openqa.selenium.edge.EdgeDriver
Command: [fc34f022bf728e00d729a1b51a62c723, clickElement {id=f.C7D0420D3EE654259BA0372CCD15368E.d.C865DC0FD0996AABAEB57064B9924AEE.e.229}]
Capabilities {acceptInsecureCerts: false, browserName: MicrosoftEdge, browserVersion: 134.0.3124.72, fedcm:accounts: true, ms:edgeOptions: {debuggerAddress: localhost:53133}, msedge: {msedgedriverVersion: 134.0.3124.72 (c81e2c3854de..., userDataDir: C:\Users\User\AppData\Local...}, networkConnectionEnabled: false, pageLoadStrategy: normal, platformName: windows, proxy: Proxy(), se:cdp: ws://localhost:53133/devtoo..., se:cdpVersion: 134.0.3124.72, setWindowRect: true, strictFileInteractability: false, timeouts: {implicit: 0, pageLoad: 300000, script: 30000}, unhandledPromptBehavior: dismiss and notify, webauthn:extension:credBlob: true, webauthn:extension:largeBlob: true, webauthn:extension:minPinLength: true, webauthn:extension:prf: true, webauthn:virtualAuthenticators: true}
Element: [[EdgeDriver: MicrosoftEdge on windows (fc34f022bf728e00d729a1b51a62c723)] -&gt; xpath: //input[@class=&apos;button-1 payment-method-next-step-button&apos;]]
Session ID: fc34f022bf728e00d729a1b51a62c723
	at org.openqa.selenium.remote.ErrorCodec.decode(ErrorCodec.java:167)
	at org.openqa.selenium.remote.codec.w3c.W3CHttpResponseCodec.decode(W3CHttpResponseCodec.java:138)
	at org.openqa.selenium.remote.codec.w3c.W3CHttpResponseCodec.decode(W3CHttpResponseCodec.java:50)
	at org.openqa.selenium.remote.HttpCommandExecutor.execute(HttpCommandExecutor.java:215)
	at org.openqa.selenium.remote.service.DriverCommandExecutor.invokeExecute(DriverCommandExecutor.java:216)
	at org.openqa.selenium.remote.service.DriverCommandExecutor.execute(DriverCommandExecutor.java:174)
	at org.openqa.selenium.remote.RemoteWebDriver.execute(RemoteWebDriver.java:545)
	at org.openqa.selenium.remote.RemoteWebElement.execute(RemoteWebElement.java:223)
	at org.openqa.selenium.remote.RemoteWebElement.click(RemoteWebElement.java:76)
	at com.capstoneproject_demowebshop.pageclass.Checkoutpage.payContinue(Checkoutpage.java:93)
	at com.capstoneproject_demowebshop.stepdefinition.Stepdefinition.i_continue_with_payment_methods(Stepdefinition.java:377)
	at ✽.I continue with payment methods(file:///C:/Users/User/eclipse-workspace/com.capstoneproject_demowebshop/src/test/resources/com.capstoneproject_demowebshop.features/Checkout.feature:13)
... Removed 3 stack frames</div></td></tr></table><p class="totop"><a href="#summary">back to summary</a></p>
<h3 id="m2">com.capstoneproject_demowebshop.runner.RunnerTestCase#runScenario</h3><table class="result"><tr class="param"><th>Parameter #1</th><th>Parameter #2</th></tr><tr class="param stripe"><td>&quot;Perfome Update quantity actions in shopping cart&quot;</td><td>&quot;Perform adding and removing operations on shopping cart&quot;</td></tr></table><p class="totop"><a href="#summary">back to summary</a></p>
<h3 id="m3">com.capstoneproject_demowebshop.runner.RunnerTestCase#runScenario</h3><table class="result"><tr class="param"><th>Parameter #1</th><th>Parameter #2</th></tr><tr class="param stripe"><td>&quot;Forgot password with valid email&quot;</td><td>&quot;Register using mail id&quot;</td></tr></table><p class="totop"><a href="#summary">back to summary</a></p>
<h3 id="m4">com.capstoneproject_demowebshop.runner.RunnerTestCase#runScenario</h3><table class="result"><tr class="param"><th>Parameter #1</th><th>Parameter #2</th></tr><tr class="param stripe"><td>&quot;Login with valid credentials&quot;</td><td>&quot;Register using mail id&quot;</td></tr></table><p class="totop"><a href="#summary">back to summary</a></p>
<h3 id="m5">com.capstoneproject_demowebshop.runner.RunnerTestCase#runScenario</h3><table class="result"><tr class="param"><th>Parameter #1</th><th>Parameter #2</th></tr><tr class="param stripe"><td>&quot;Verifying the major sections&quot;</td><td>&quot;Home page search&quot;</td></tr></table><p class="totop"><a href="#summary">back to summary</a></p>
<h3 id="m6">com.capstoneproject_demowebshop.runner.RunnerTestCase#runScenario</h3><table class="result"><tr class="param"><th>Parameter #1</th><th>Parameter #2</th></tr><tr class="param stripe"><td>&quot;Login with valid credentials&quot;</td><td>&quot;Register using mail id&quot;</td></tr></table><p class="totop"><a href="#summary">back to summary</a></p>
<h3 id="m7">com.capstoneproject_demowebshop.runner.RunnerTestCase#runScenario</h3><table class="result"><tr class="param"><th>Parameter #1</th><th>Parameter #2</th></tr><tr class="param stripe"><td>&quot;Forgot password with valid email&quot;</td><td>&quot;Register using mail id&quot;</td></tr></table><p class="totop"><a href="#summary">back to summary</a></p>
<h3 id="m8">com.capstoneproject_demowebshop.runner.RunnerTestCase#runScenario</h3><table class="result"><tr class="param"><th>Parameter #1</th><th>Parameter #2</th></tr><tr class="param stripe"><td>&quot;Verify search bar functionality&quot;</td><td>&quot;Home page search&quot;</td></tr></table><p class="totop"><a href="#summary">back to summary</a></p>
<h3 id="m9">com.capstoneproject_demowebshop.runner.RunnerTestCase#runScenario</h3><table class="result"><tr class="param"><th>Parameter #1</th><th>Parameter #2</th></tr><tr class="param stripe"><td>&quot;verifying the product details&quot;</td><td>&quot;Product details page&quot;</td></tr></table><p class="totop"><a href="#summary">back to summary</a></p>
<h3 id="m10">com.capstoneproject_demowebshop.runner.RunnerTestCase#runScenario</h3><table class="result"><tr class="param"><th>Parameter #1</th><th>Parameter #2</th></tr><tr class="param stripe"><td>&quot;Perform remove actions on Shopping cart&quot;</td><td>&quot;Perform adding and removing operations on shopping cart&quot;</td></tr></table><p class="totop"><a href="#summary">back to summary</a></p>
<h3 id="m11">com.capstoneproject_demowebshop.runner.RunnerTestCase#runScenario</h3><table class="result"><tr class="param"><th>Parameter #1</th><th>Parameter #2</th></tr><tr class="param stripe"><td>&quot;Register on the website with invalid email&quot;</td><td>&quot;Register using mail id&quot;</td></tr></table><p class="totop"><a href="#summary">back to summary</a></p>
</body>
</html>
