<html>
<head>
<title>TestNG:  Default test</title>
<link href="../testng.css" rel="stylesheet" type="text/css" />
<link href="../my-testng.css" rel="stylesheet" type="text/css" />

<style type="text/css">
.log { display: none;} 
.stack-trace { display: none;} 
</style>
<script type="text/javascript">
<!--
function flip(e) {
  current = e.style.display;
  if (current == 'block') {
    e.style.display = 'none';
    return 0;
  }
  else {
    e.style.display = 'block';
    return 1;
  }
}

function toggleBox(szDivId, elem, msg1, msg2)
{
  var res = -1;  if (document.getElementById) {
    res = flip(document.getElementById(szDivId));
  }
  else if (document.all) {
    // this is the way old msie versions work
    res = flip(document.all[szDivId]);
  }
  if(elem) {
    if(res == 0) elem.innerHTML = msg1; else elem.innerHTML = msg2;
  }

}

function toggleAllBoxes() {
  if (document.getElementsByTagName) {
    d = document.getElementsByTagName('div');
    for (i = 0; i < d.length; i++) {
      if (d[i].className == 'log') {
        flip(d[i]);
      }
    }
  }
}

// -->
</script>

</head>
<body>
<h2 align='center'>Default test</h2><table border='1' align="center">
<tr>
<td>Tests passed/Failed/Skipped:</td><td>11/1/0</td>
</tr><tr>
<td>Started on:</td><td>Fri Mar 21 15:14:09 IST 2025</td>
</tr>
<tr><td>Total time:</td><td>280 seconds (280085 ms)</td>
</tr><tr>
<td>Included groups:</td><td></td>
</tr><tr>
<td>Excluded groups:</td><td></td>
</tr>
</table><p/>
<small><i>(Hover the method name to see the test class name)</i></small><p/>
<table width='100%' border='1' class='invocation-failed'>
<tr><td colspan='4' align='center'><b>FAILED TESTS</b></td></tr>
<tr><td><b>Test method</b></td>
<td><b>Attribute(s)</b></td>
<td width="30%"><b>Exception</b></td>
<td width="10%"><b>Time (seconds)</b></td>
<td><b>Instance</b></td>
</tr>
<tr>
<td title='com.capstoneproject_demowebshop.runner.RunnerTestCase.runScenario()'><b>runScenario</b><br>Test class: com.capstoneproject_demowebshop.runner.RunnerTestCase<br>Test method: Runs Cucumber Scenarios<br>Parameters: "verifying the product details", "Product details page"</td>
<td><div><pre>java.lang.AssertionError: expected [true] but found [false]
	at org.testng.Assert.fail(Assert.java:111)
	at org.testng.Assert.failNotEquals(Assert.java:1578)
	at org.testng.Assert.assertTrue(Assert.java:57)
	at org.testng.Assert.assertTrue(Assert.java:67)
	at com.capstoneproject_demowebshop.stepdefinition.Stepdefinition.product_is_added(Stepdefinition.java:268)
	at ✽.product is added(file:///C:/Users/User/eclipse-workspace/com.capstoneproject_demowebshop/src/test/resources/com.capstoneproject_demowebshop.features/Productdetails.feature:14)
</pre></div><a href='#' onClick='toggleBox("stack-trace1778257620", this, "Click to show all stack frames", "Click to hide stack frames")'>Click to show all stack frames</a>
<div class='stack-trace' id='stack-trace1778257620'><pre>java.lang.AssertionError: expected [true] but found [false]
	at org.testng.Assert.fail(Assert.java:111)
	at org.testng.Assert.failNotEquals(Assert.java:1578)
	at org.testng.Assert.assertTrue(Assert.java:57)
	at org.testng.Assert.assertTrue(Assert.java:67)
	at com.capstoneproject_demowebshop.stepdefinition.Stepdefinition.product_is_added(Stepdefinition.java:268)
	at ✽.product is added(file:///C:/Users/User/eclipse-workspace/com.capstoneproject_demowebshop/src/test/resources/com.capstoneproject_demowebshop.features/Productdetails.feature:14)
</pre></div></td>
<td>30</td>
<td>com.capstoneproject_demowebshop.runner.RunnerTestCase@2cd2a21f</td></tr>
</table><p>
<table width='100%' border='1' class='invocation-passed'>
<tr><td colspan='4' align='center'><b>PASSED TESTS</b></td></tr>
<tr><td><b>Test method</b></td>
<td><b>Attribute(s)</b></td>
<td width="30%"><b>Exception</b></td>
<td width="10%"><b>Time (seconds)</b></td>
<td><b>Instance</b></td>
</tr>
<tr>
<td title='com.capstoneproject_demowebshop.runner.RunnerTestCase.runScenario()'><b>runScenario</b><br>Test class: com.capstoneproject_demowebshop.runner.RunnerTestCase<br>Test method: Runs Cucumber Scenarios<br>Parameters: "Register on the website with invalid email", "Register using mail id"</td>
<td></td>
<td>16</td>
<td>com.capstoneproject_demowebshop.runner.RunnerTestCase@2cd2a21f</td></tr>
<tr>
<td title='com.capstoneproject_demowebshop.runner.RunnerTestCase.runScenario()'><b>runScenario</b><br>Test class: com.capstoneproject_demowebshop.runner.RunnerTestCase<br>Test method: Runs Cucumber Scenarios<br>Parameters: "Forgot password with valid email", "Register using mail id"</td>
<td></td>
<td>17</td>
<td>com.capstoneproject_demowebshop.runner.RunnerTestCase@2cd2a21f</td></tr>
<tr>
<td title='com.capstoneproject_demowebshop.runner.RunnerTestCase.runScenario()'><b>runScenario</b><br>Test class: com.capstoneproject_demowebshop.runner.RunnerTestCase<br>Test method: Runs Cucumber Scenarios<br>Parameters: "Login with valid credentials", "Register using mail id"</td>
<td></td>
<td>19</td>
<td>com.capstoneproject_demowebshop.runner.RunnerTestCase@2cd2a21f</td></tr>
<tr>
<td title='com.capstoneproject_demowebshop.runner.RunnerTestCase.runScenario()'><b>runScenario</b><br>Test class: com.capstoneproject_demowebshop.runner.RunnerTestCase<br>Test method: Runs Cucumber Scenarios<br>Parameters: "Register on the website with new mail id", "Register using mail id"</td>
<td></td>
<td>17</td>
<td>com.capstoneproject_demowebshop.runner.RunnerTestCase@2cd2a21f</td></tr>
<tr>
<td title='com.capstoneproject_demowebshop.runner.RunnerTestCase.runScenario()'><b>runScenario</b><br>Test class: com.capstoneproject_demowebshop.runner.RunnerTestCase<br>Test method: Runs Cucumber Scenarios<br>Parameters: "Verifying the major sections", "Home page search"</td>
<td></td>
<td>16</td>
<td>com.capstoneproject_demowebshop.runner.RunnerTestCase@2cd2a21f</td></tr>
<tr>
<td title='com.capstoneproject_demowebshop.runner.RunnerTestCase.runScenario()'><b>runScenario</b><br>Test class: com.capstoneproject_demowebshop.runner.RunnerTestCase<br>Test method: Runs Cucumber Scenarios<br>Parameters: "Perfome Update quantity actions in shopping cart", "Perform adding and removing operations on shopping cart"</td>
<td></td>
<td>19</td>
<td>com.capstoneproject_demowebshop.runner.RunnerTestCase@2cd2a21f</td></tr>
<tr>
<td title='com.capstoneproject_demowebshop.runner.RunnerTestCase.runScenario()'><b>runScenario</b><br>Test class: com.capstoneproject_demowebshop.runner.RunnerTestCase<br>Test method: Runs Cucumber Scenarios<br>Parameters: "Verify search bar functionality", "Home page search"</td>
<td></td>
<td>44</td>
<td>com.capstoneproject_demowebshop.runner.RunnerTestCase@2cd2a21f</td></tr>
<tr>
<td title='com.capstoneproject_demowebshop.runner.RunnerTestCase.runScenario()'><b>runScenario</b><br>Test class: com.capstoneproject_demowebshop.runner.RunnerTestCase<br>Test method: Runs Cucumber Scenarios<br>Parameters: "Perform remove actions on Shopping cart", "Perform adding and removing operations on shopping cart"</td>
<td></td>
<td>17</td>
<td>com.capstoneproject_demowebshop.runner.RunnerTestCase@2cd2a21f</td></tr>
<tr>
<td title='com.capstoneproject_demowebshop.runner.RunnerTestCase.runScenario()'><b>runScenario</b><br>Test class: com.capstoneproject_demowebshop.runner.RunnerTestCase<br>Test method: Runs Cucumber Scenarios<br>Parameters: "Login with valid credentials", "Register using mail id"</td>
<td></td>
<td>16</td>
<td>com.capstoneproject_demowebshop.runner.RunnerTestCase@2cd2a21f</td></tr>
<tr>
<td title='com.capstoneproject_demowebshop.runner.RunnerTestCase.runScenario()'><b>runScenario</b><br>Test class: com.capstoneproject_demowebshop.runner.RunnerTestCase<br>Test method: Runs Cucumber Scenarios<br>Parameters: "Forgot password with valid email", "Register using mail id"</td>
<td></td>
<td>28</td>
<td>com.capstoneproject_demowebshop.runner.RunnerTestCase@2cd2a21f</td></tr>
<tr>
<td title='com.capstoneproject_demowebshop.runner.RunnerTestCase.runScenario()'><b>runScenario</b><br>Test class: com.capstoneproject_demowebshop.runner.RunnerTestCase<br>Test method: Runs Cucumber Scenarios<br>Parameters: "adding items and purchasing", "adding the product and completing the purchase"</td>
<td></td>
<td>31</td>
<td>com.capstoneproject_demowebshop.runner.RunnerTestCase@2cd2a21f</td></tr>
</table><p>
</body>
</html>