<html>
<head>
<title>TestNG:  Test</title>
<link href="../testng.css" rel="stylesheet" type="text/css" />
<link href="../my-testng.css" rel="stylesheet" type="text/css" />

<style type="text/css">
.log { display: none;} 
.stack-trace { display: none;} 
</style>
<script type="text/javascript">
<!--
function flip(e) {
  current = e.style.display;
  if (current == 'block') {
    e.style.display = 'none';
    return 0;
  }
  else {
    e.style.display = 'block';
    return 1;
  }
}

function toggleBox(szDivId, elem, msg1, msg2)
{
  var res = -1;  if (document.getElementById) {
    res = flip(document.getElementById(szDivId));
  }
  else if (document.all) {
    // this is the way old msie versions work
    res = flip(document.all[szDivId]);
  }
  if(elem) {
    if(res == 0) elem.innerHTML = msg1; else elem.innerHTML = msg2;
  }

}

function toggleAllBoxes() {
  if (document.getElementsByTagName) {
    d = document.getElementsByTagName('div');
    for (i = 0; i < d.length; i++) {
      if (d[i].className == 'log') {
        flip(d[i]);
      }
    }
  }
}

// -->
</script>

</head>
<body>
<h2 align='center'>Test</h2><table border='1' align="center">
<tr>
<td>Tests passed/Failed/Skipped:</td><td>10/2/0</td>
</tr><tr>
<td>Started on:</td><td>Fri Mar 21 16:35:08 IST 2025</td>
</tr>
<tr><td>Total time:</td><td>277 seconds (277218 ms)</td>
</tr><tr>
<td>Included groups:</td><td></td>
</tr><tr>
<td>Excluded groups:</td><td></td>
</tr>
</table><p/>
<small><i>(Hover the method name to see the test class name)</i></small><p/>
<table width='100%' border='1' class='invocation-failed'>
<tr><td colspan='4' align='center'><b>FAILED TESTS</b></td></tr>
<tr><td><b>Test method</b></td>
<td><b>Attribute(s)</b></td>
<td width="30%"><b>Exception</b></td>
<td width="10%"><b>Time (seconds)</b></td>
<td><b>Instance</b></td>
</tr>
<tr>
<td title='com.capstoneproject_demowebshop.runner.RunnerTestCase.runScenario()'><b>runScenario</b><br>Test class: com.capstoneproject_demowebshop.runner.RunnerTestCase<br>Test method: Runs Cucumber Scenarios<br>Parameters: "Register on the website with new mail id", "Register using mail id"</td>
<td><div><pre>java.lang.AssertionError: expected [true] but found [false]
	at com.capstoneproject_demowebshop.stepdefinition.Stepdefinition.registered_successfuly(Stepdefinition.java:84)
	at ✽.Registered successfuly(file:///C:/Users/User/eclipse-workspace/com.capstoneproject_demowebshop/src/test/resources/com.capstoneproject_demowebshop.features/createaccount.feature:14)
... Removed 4 stack frames</pre></div><a href='#' onClick='toggleBox("stack-trace1235678342", this, "Click to show all stack frames", "Click to hide stack frames")'>Click to show all stack frames</a>
<div class='stack-trace' id='stack-trace1235678342'><pre>java.lang.AssertionError: expected [true] but found [false]
	at org.testng.Assert.fail(Assert.java:111)
	at org.testng.Assert.failNotEquals(Assert.java:1578)
	at org.testng.Assert.assertTrue(Assert.java:57)
	at org.testng.Assert.assertTrue(Assert.java:67)
	at com.capstoneproject_demowebshop.stepdefinition.Stepdefinition.registered_successfuly(Stepdefinition.java:84)
	at ✽.Registered successfuly(file:///C:/Users/User/eclipse-workspace/com.capstoneproject_demowebshop/src/test/resources/com.capstoneproject_demowebshop.features/createaccount.feature:14)
</pre></div></td>
<td>29</td>
<td>com.capstoneproject_demowebshop.runner.RunnerTestCase@2cd2a21f</td></tr>
<tr>
<td title='com.capstoneproject_demowebshop.runner.RunnerTestCase.runScenario()'><b>runScenario</b><br>Test class: com.capstoneproject_demowebshop.runner.RunnerTestCase<br>Test method: Runs Cucumber Scenarios<br>Parameters: "adding items and purchasing", "adding the product and completing the purchase"</td>
<td><div><pre>org.openqa.selenium.ElementClickInterceptedException: element click intercepted: Element &lt;input type=&quot;button&quot; class=&quot;button-1 payment-method-next-step-button&quot; onclick=&quot;PaymentMethod.save()&quot; value=&quot;Continue&quot;&gt; is not clickable at point (281, 594). Other element would receive the click: &lt;a href=&quot;#&quot; onclick=&quot;Checkout.back(); return false;&quot;&gt;...&lt;/a&gt;
  (Session info: MicrosoftEdge=134.0.3124.72)
Build info: version: &apos;4.29.0&apos;, revision: &apos;18ae989&apos;
System info: os.name: &apos;Windows 10&apos;, os.arch: &apos;amd64&apos;, os.version: &apos;10.0&apos;, java.version: &apos;23.0.2&apos;
Driver info: org.openqa.selenium.edge.EdgeDriver
Command: [fc34f022bf728e00d729a1b51a62c723, clickElement {id=f.C7D0420D3EE654259BA0372CCD15368E.d.C865DC0FD0996AABAEB57064B9924AEE.e.229}]
Capabilities {acceptInsecureCerts: false, browserName: MicrosoftEdge, browserVersion: 134.0.3124.72, fedcm:accounts: true, ms:edgeOptions: {debuggerAddress: localhost:53133}, msedge: {msedgedriverVersion: 134.0.3124.72 (c81e2c3854de..., userDataDir: C:\Users\User\AppData\Local...}, networkConnectionEnabled: false, pageLoadStrategy: normal, platformName: windows, proxy: Proxy(), se:cdp: ws://localhost:53133/devtoo..., se:cdpVersion: 134.0.3124.72, setWindowRect: true, strictFileInteractability: false, timeouts: {implicit: 0, pageLoad: 300000, script: 30000}, unhandledPromptBehavior: dismiss and notify, webauthn:extension:credBlob: true, webauthn:extension:largeBlob: true, webauthn:extension:minPinLength: true, webauthn:extension:prf: true, webauthn:virtualAuthenticators: true}
Element: [[EdgeDriver: MicrosoftEdge on windows (fc34f022bf728e00d729a1b51a62c723)] -&gt; xpath: //input[@class=&apos;button-1 payment-method-next-step-button&apos;]]
Session ID: fc34f022bf728e00d729a1b51a62c723
	at org.openqa.selenium.remote.ErrorCodec.decode(ErrorCodec.java:167)
	at org.openqa.selenium.remote.codec.w3c.W3CHttpResponseCodec.decode(W3CHttpResponseCodec.java:138)
	at org.openqa.selenium.remote.codec.w3c.W3CHttpResponseCodec.decode(W3CHttpResponseCodec.java:50)
	at org.openqa.selenium.remote.HttpCommandExecutor.execute(HttpCommandExecutor.java:215)
	at org.openqa.selenium.remote.service.DriverCommandExecutor.invokeExecute(DriverCommandExecutor.java:216)
	at org.openqa.selenium.remote.service.DriverCommandExecutor.execute(DriverCommandExecutor.java:174)
	at org.openqa.selenium.remote.RemoteWebDriver.execute(RemoteWebDriver.java:545)
	at org.openqa.selenium.remote.RemoteWebElement.execute(RemoteWebElement.java:223)
	at org.openqa.selenium.remote.RemoteWebElement.click(RemoteWebElement.java:76)
	at com.capstoneproject_demowebshop.pageclass.Checkoutpage.payContinue(Checkoutpage.java:93)
	at com.capstoneproject_demowebshop.stepdefinition.Stepdefinition.i_continue_with_payment_methods(Stepdefinition.java:377)
	at ✽.I continue with payment methods(file:///C:/Users/User/eclipse-workspace/com.capstoneproject_demowebshop/src/test/resources/com.capstoneproject_demowebshop.features/Checkout.feature:13)
... Removed 3 stack frames</pre></div><a href='#' onClick='toggleBox("stack-trace1292325833", this, "Click to show all stack frames", "Click to hide stack frames")'>Click to show all stack frames</a>
<div class='stack-trace' id='stack-trace1292325833'><pre>org.openqa.selenium.ElementClickInterceptedException: element click intercepted: Element &lt;input type=&quot;button&quot; class=&quot;button-1 payment-method-next-step-button&quot; onclick=&quot;PaymentMethod.save()&quot; value=&quot;Continue&quot;&gt; is not clickable at point (281, 594). Other element would receive the click: &lt;a href=&quot;#&quot; onclick=&quot;Checkout.back(); return false;&quot;&gt;...&lt;/a&gt;
  (Session info: MicrosoftEdge=134.0.3124.72)
Build info: version: &apos;4.29.0&apos;, revision: &apos;18ae989&apos;
System info: os.name: &apos;Windows 10&apos;, os.arch: &apos;amd64&apos;, os.version: &apos;10.0&apos;, java.version: &apos;23.0.2&apos;
Driver info: org.openqa.selenium.edge.EdgeDriver
Command: [fc34f022bf728e00d729a1b51a62c723, clickElement {id=f.C7D0420D3EE654259BA0372CCD15368E.d.C865DC0FD0996AABAEB57064B9924AEE.e.229}]
Capabilities {acceptInsecureCerts: false, browserName: MicrosoftEdge, browserVersion: 134.0.3124.72, fedcm:accounts: true, ms:edgeOptions: {debuggerAddress: localhost:53133}, msedge: {msedgedriverVersion: 134.0.3124.72 (c81e2c3854de..., userDataDir: C:\Users\User\AppData\Local...}, networkConnectionEnabled: false, pageLoadStrategy: normal, platformName: windows, proxy: Proxy(), se:cdp: ws://localhost:53133/devtoo..., se:cdpVersion: 134.0.3124.72, setWindowRect: true, strictFileInteractability: false, timeouts: {implicit: 0, pageLoad: 300000, script: 30000}, unhandledPromptBehavior: dismiss and notify, webauthn:extension:credBlob: true, webauthn:extension:largeBlob: true, webauthn:extension:minPinLength: true, webauthn:extension:prf: true, webauthn:virtualAuthenticators: true}
Element: [[EdgeDriver: MicrosoftEdge on windows (fc34f022bf728e00d729a1b51a62c723)] -&gt; xpath: //input[@class=&apos;button-1 payment-method-next-step-button&apos;]]
Session ID: fc34f022bf728e00d729a1b51a62c723
	at java.base/jdk.internal.reflect.DirectConstructorHandleAccessor.newInstance(DirectConstructorHandleAccessor.java:62)
	at java.base/java.lang.reflect.Constructor.newInstanceWithCaller(Constructor.java:501)
	at java.base/java.lang.reflect.Constructor.newInstance(Constructor.java:485)
	at org.openqa.selenium.remote.ErrorCodec.decode(ErrorCodec.java:167)
	at org.openqa.selenium.remote.codec.w3c.W3CHttpResponseCodec.decode(W3CHttpResponseCodec.java:138)
	at org.openqa.selenium.remote.codec.w3c.W3CHttpResponseCodec.decode(W3CHttpResponseCodec.java:50)
	at org.openqa.selenium.remote.HttpCommandExecutor.execute(HttpCommandExecutor.java:215)
	at org.openqa.selenium.remote.service.DriverCommandExecutor.invokeExecute(DriverCommandExecutor.java:216)
	at org.openqa.selenium.remote.service.DriverCommandExecutor.execute(DriverCommandExecutor.java:174)
	at org.openqa.selenium.remote.RemoteWebDriver.execute(RemoteWebDriver.java:545)
	at org.openqa.selenium.remote.RemoteWebElement.execute(RemoteWebElement.java:223)
	at org.openqa.selenium.remote.RemoteWebElement.click(RemoteWebElement.java:76)
	at com.capstoneproject_demowebshop.pageclass.Checkoutpage.payContinue(Checkoutpage.java:93)
	at com.capstoneproject_demowebshop.stepdefinition.Stepdefinition.i_continue_with_payment_methods(Stepdefinition.java:377)
	at ✽.I continue with payment methods(file:///C:/Users/User/eclipse-workspace/com.capstoneproject_demowebshop/src/test/resources/com.capstoneproject_demowebshop.features/Checkout.feature:13)
</pre></div></td>
<td>35</td>
<td>com.capstoneproject_demowebshop.runner.RunnerTestCase@2cd2a21f</td></tr>
</table><p>
<table width='100%' border='1' class='invocation-passed'>
<tr><td colspan='4' align='center'><b>PASSED TESTS</b></td></tr>
<tr><td><b>Test method</b></td>
<td><b>Attribute(s)</b></td>
<td width="30%"><b>Exception</b></td>
<td width="10%"><b>Time (seconds)</b></td>
<td><b>Instance</b></td>
</tr>
<tr>
<td title='com.capstoneproject_demowebshop.runner.RunnerTestCase.runScenario()'><b>runScenario</b><br>Test class: com.capstoneproject_demowebshop.runner.RunnerTestCase<br>Test method: Runs Cucumber Scenarios<br>Parameters: "Perfome Update quantity actions in shopping cart", "Perform adding and removing operations on shopping cart"</td>
<td></td>
<td>25</td>
<td>com.capstoneproject_demowebshop.runner.RunnerTestCase@2cd2a21f</td></tr>
<tr>
<td title='com.capstoneproject_demowebshop.runner.RunnerTestCase.runScenario()'><b>runScenario</b><br>Test class: com.capstoneproject_demowebshop.runner.RunnerTestCase<br>Test method: Runs Cucumber Scenarios<br>Parameters: "Forgot password with valid email", "Register using mail id"</td>
<td></td>
<td>14</td>
<td>com.capstoneproject_demowebshop.runner.RunnerTestCase@2cd2a21f</td></tr>
<tr>
<td title='com.capstoneproject_demowebshop.runner.RunnerTestCase.runScenario()'><b>runScenario</b><br>Test class: com.capstoneproject_demowebshop.runner.RunnerTestCase<br>Test method: Runs Cucumber Scenarios<br>Parameters: "Login with valid credentials", "Register using mail id"</td>
<td></td>
<td>20</td>
<td>com.capstoneproject_demowebshop.runner.RunnerTestCase@2cd2a21f</td></tr>
<tr>
<td title='com.capstoneproject_demowebshop.runner.RunnerTestCase.runScenario()'><b>runScenario</b><br>Test class: com.capstoneproject_demowebshop.runner.RunnerTestCase<br>Test method: Runs Cucumber Scenarios<br>Parameters: "Verifying the major sections", "Home page search"</td>
<td></td>
<td>17</td>
<td>com.capstoneproject_demowebshop.runner.RunnerTestCase@2cd2a21f</td></tr>
<tr>
<td title='com.capstoneproject_demowebshop.runner.RunnerTestCase.runScenario()'><b>runScenario</b><br>Test class: com.capstoneproject_demowebshop.runner.RunnerTestCase<br>Test method: Runs Cucumber Scenarios<br>Parameters: "Login with valid credentials", "Register using mail id"</td>
<td></td>
<td>14</td>
<td>com.capstoneproject_demowebshop.runner.RunnerTestCase@2cd2a21f</td></tr>
<tr>
<td title='com.capstoneproject_demowebshop.runner.RunnerTestCase.runScenario()'><b>runScenario</b><br>Test class: com.capstoneproject_demowebshop.runner.RunnerTestCase<br>Test method: Runs Cucumber Scenarios<br>Parameters: "Forgot password with valid email", "Register using mail id"</td>
<td></td>
<td>16</td>
<td>com.capstoneproject_demowebshop.runner.RunnerTestCase@2cd2a21f</td></tr>
<tr>
<td title='com.capstoneproject_demowebshop.runner.RunnerTestCase.runScenario()'><b>runScenario</b><br>Test class: com.capstoneproject_demowebshop.runner.RunnerTestCase<br>Test method: Runs Cucumber Scenarios<br>Parameters: "Verify search bar functionality", "Home page search"</td>
<td></td>
<td>14</td>
<td>com.capstoneproject_demowebshop.runner.RunnerTestCase@2cd2a21f</td></tr>
<tr>
<td title='com.capstoneproject_demowebshop.runner.RunnerTestCase.runScenario()'><b>runScenario</b><br>Test class: com.capstoneproject_demowebshop.runner.RunnerTestCase<br>Test method: Runs Cucumber Scenarios<br>Parameters: "verifying the product details", "Product details page"</td>
<td></td>
<td>35</td>
<td>com.capstoneproject_demowebshop.runner.RunnerTestCase@2cd2a21f</td></tr>
<tr>
<td title='com.capstoneproject_demowebshop.runner.RunnerTestCase.runScenario()'><b>runScenario</b><br>Test class: com.capstoneproject_demowebshop.runner.RunnerTestCase<br>Test method: Runs Cucumber Scenarios<br>Parameters: "Perform remove actions on Shopping cart", "Perform adding and removing operations on shopping cart"</td>
<td></td>
<td>18</td>
<td>com.capstoneproject_demowebshop.runner.RunnerTestCase@2cd2a21f</td></tr>
<tr>
<td title='com.capstoneproject_demowebshop.runner.RunnerTestCase.runScenario()'><b>runScenario</b><br>Test class: com.capstoneproject_demowebshop.runner.RunnerTestCase<br>Test method: Runs Cucumber Scenarios<br>Parameters: "Register on the website with invalid email", "Register using mail id"</td>
<td></td>
<td>34</td>
<td>com.capstoneproject_demowebshop.runner.RunnerTestCase@2cd2a21f</td></tr>
</table><p>
</body>
</html>