<?xml version="1.0" encoding="UTF-8"?>
<!-- Generated by org.testng.reporters.JUnitXMLReporter -->
<testsuite ignored="0" hostname="DESKTOP-RCT58NL" failures="2" tests="12" name="Test" time="277.218" errors="0" timestamp="2025-03-21T16:39:45 IST">
  <testcase classname="io.cucumber.testng.AbstractTestNGCucumberTests" name="runScenario" time="35.092">
    <failure type="org.openqa.selenium.ElementClickInterceptedException" message="element click intercepted: Element &amp;lt;input type=&amp;quot;button&amp;quot; class=&amp;quot;button-1 payment-method-next-step-button&amp;quot; onclick=&amp;quot;PaymentMethod.save()&amp;quot; value=&amp;quot;Continue&amp;quot;&amp;gt; is not clickable at point (281, 594). Other element would receive the click: &amp;lt;a href=&amp;quot;#&amp;quot; onclick=&amp;quot;Checkout.back(); return false;&amp;quot;&amp;gt;...&amp;lt;/a&amp;gt;
  (Session info: MicrosoftEdge=134.0.3124.72)
Build info: version: &amp;apos;4.29.0&amp;apos;, revision: &amp;apos;18ae989&amp;apos;
System info: os.name: &amp;apos;Windows 10&amp;apos;, os.arch: &amp;apos;amd64&amp;apos;, os.version: &amp;apos;10.0&amp;apos;, java.version: &amp;apos;23.0.2&amp;apos;
Driver info: org.openqa.selenium.edge.EdgeDriver
Command: [fc34f022bf728e00d729a1b51a62c723, clickElement {id=f.C7D0420D3EE654259BA0372CCD15368E.d.C865DC0FD0996AABAEB57064B9924AEE.e.229}]
Capabilities {acceptInsecureCerts: false, browserName: MicrosoftEdge, browserVersion: 134.0.3124.72, fedcm:accounts: true, ms:edgeOptions: {debuggerAddress: localhost:53133}, msedge: {msedgedriverVersion: 134.0.3124.72 (c81e2c3854de..., userDataDir: C:\Users\User\AppData\Local...}, networkConnectionEnabled: false, pageLoadStrategy: normal, platformName: windows, proxy: Proxy(), se:cdp: ws://localhost:53133/devtoo..., se:cdpVersion: 134.0.3124.72, setWindowRect: true, strictFileInteractability: false, timeouts: {implicit: 0, pageLoad: 300000, script: 30000}, unhandledPromptBehavior: dismiss and notify, webauthn:extension:credBlob: true, webauthn:extension:largeBlob: true, webauthn:extension:minPinLength: true, webauthn:extension:prf: true, webauthn:virtualAuthenticators: true}
Element: [[EdgeDriver: MicrosoftEdge on windows (fc34f022bf728e00d729a1b51a62c723)] -&amp;gt; xpath: //input[@class=&amp;apos;button-1 payment-method-next-step-button&amp;apos;]]
Session ID: fc34f022bf728e00d729a1b51a62c723">
      <![CDATA[org.openqa.selenium.ElementClickInterceptedException: element click intercepted: Element <input type="button" class="button-1 payment-method-next-step-button" onclick="PaymentMethod.save()" value="Continue"> is not clickable at point (281, 594). Other element would receive the click: <a href="#" onclick="Checkout.back(); return false;">...</a>
  (Session info: MicrosoftEdge=134.0.3124.72)
Build info: version: '4.29.0', revision: '18ae989'
System info: os.name: 'Windows 10', os.arch: 'amd64', os.version: '10.0', java.version: '23.0.2'
Driver info: org.openqa.selenium.edge.EdgeDriver
Command: [fc34f022bf728e00d729a1b51a62c723, clickElement {id=f.C7D0420D3EE654259BA0372CCD15368E.d.C865DC0FD0996AABAEB57064B9924AEE.e.229}]
Capabilities {acceptInsecureCerts: false, browserName: MicrosoftEdge, browserVersion: 134.0.3124.72, fedcm:accounts: true, ms:edgeOptions: {debuggerAddress: localhost:53133}, msedge: {msedgedriverVersion: 134.0.3124.72 (c81e2c3854de..., userDataDir: C:\Users\User\AppData\Local...}, networkConnectionEnabled: false, pageLoadStrategy: normal, platformName: windows, proxy: Proxy(), se:cdp: ws://localhost:53133/devtoo..., se:cdpVersion: 134.0.3124.72, setWindowRect: true, strictFileInteractability: false, timeouts: {implicit: 0, pageLoad: 300000, script: 30000}, unhandledPromptBehavior: dismiss and notify, webauthn:extension:credBlob: true, webauthn:extension:largeBlob: true, webauthn:extension:minPinLength: true, webauthn:extension:prf: true, webauthn:virtualAuthenticators: true}
Element: [[EdgeDriver: MicrosoftEdge on windows (fc34f022bf728e00d729a1b51a62c723)] -> xpath: //input[@class='button-1 payment-method-next-step-button']]
Session ID: fc34f022bf728e00d729a1b51a62c723
at org.openqa.selenium.remote.ErrorCodec.decode(ErrorCodec.java:167)
at org.openqa.selenium.remote.codec.w3c.W3CHttpResponseCodec.decode(W3CHttpResponseCodec.java:138)
at org.openqa.selenium.remote.codec.w3c.W3CHttpResponseCodec.decode(W3CHttpResponseCodec.java:50)
at org.openqa.selenium.remote.HttpCommandExecutor.execute(HttpCommandExecutor.java:215)
at org.openqa.selenium.remote.service.DriverCommandExecutor.invokeExecute(DriverCommandExecutor.java:216)
at org.openqa.selenium.remote.service.DriverCommandExecutor.execute(DriverCommandExecutor.java:174)
at org.openqa.selenium.remote.RemoteWebDriver.execute(RemoteWebDriver.java:545)
at org.openqa.selenium.remote.RemoteWebElement.execute(RemoteWebElement.java:223)
at org.openqa.selenium.remote.RemoteWebElement.click(RemoteWebElement.java:76)
at com.capstoneproject_demowebshop.pageclass.Checkoutpage.payContinue(Checkoutpage.java:93)
at com.capstoneproject_demowebshop.stepdefinition.Stepdefinition.i_continue_with_payment_methods(Stepdefinition.java:377)
at ✽.I continue with payment methods(file:///C:/Users/User/eclipse-workspace/com.capstoneproject_demowebshop/src/test/resources/com.capstoneproject_demowebshop.features/Checkout.feature:13)
... Removed 3 stack frames]]>
    </failure>
  </testcase> <!-- runScenario -->
  <testcase classname="io.cucumber.testng.AbstractTestNGCucumberTests" name="runScenario" time="35.165"/>
  <testcase classname="io.cucumber.testng.AbstractTestNGCucumberTests" name="runScenario" time="18.784"/>
  <testcase classname="io.cucumber.testng.AbstractTestNGCucumberTests" name="runScenario" time="25.164"/>
  <testcase classname="io.cucumber.testng.AbstractTestNGCucumberTests" name="runScenario" time="29.552">
    <failure type="java.lang.AssertionError" message="expected [true] but found [false]">
      <![CDATA[java.lang.AssertionError: expected [true] but found [false]
at com.capstoneproject_demowebshop.stepdefinition.Stepdefinition.registered_successfuly(Stepdefinition.java:84)
at ✽.Registered successfuly(file:///C:/Users/User/eclipse-workspace/com.capstoneproject_demowebshop/src/test/resources/com.capstoneproject_demowebshop.features/createaccount.feature:14)
... Removed 4 stack frames]]>
    </failure>
  </testcase> <!-- runScenario -->
  <testcase classname="io.cucumber.testng.AbstractTestNGCucumberTests" name="runScenario" time="34.132"/>
  <testcase classname="io.cucumber.testng.AbstractTestNGCucumberTests" name="runScenario" time="20.038"/>
  <testcase classname="io.cucumber.testng.AbstractTestNGCucumberTests" name="runScenario" time="14.011"/>
  <testcase classname="io.cucumber.testng.AbstractTestNGCucumberTests" name="runScenario" time="14.795"/>
  <testcase classname="io.cucumber.testng.AbstractTestNGCucumberTests" name="runScenario" time="16.013"/>
  <testcase classname="io.cucumber.testng.AbstractTestNGCucumberTests" name="runScenario" time="17.716"/>
  <testcase classname="io.cucumber.testng.AbstractTestNGCucumberTests" name="runScenario" time="14.526"/>
</testsuite> <!-- Test -->
